app/build/intermediates/manifest_merge_blame_file/debug/processDebugMainManifest/manifest-merger-blame-debug-report.txt
1<?xml version="1.0" encoding="utf-8"?>
2<manifest xmlns:android="http://schemas.android.com/apk/res/android"
3    package="com.voicebridge"
4    android:versionCode="1"
5    android:versionName="1.0.0" >
6
7    <uses-sdk
8        android:minSdkVersion="26"
9        android:targetSdkVersion="35" />
10
11    <!-- P2P and Discovery Permissions -->
12    <uses-permission
12-->src\main\AndroidManifest.xml:5:5-95
13        android:name="android.permission.BLUETOOTH"
13-->src\main\AndroidManifest.xml:5:22-65
14        android:maxSdkVersion="30" />
14-->src\main\AndroidManifest.xml:5:66-92
15    <uses-permission
15-->src\main\AndroidManifest.xml:6:5-101
16        android:name="android.permission.BLUETOOTH_ADMIN"
16-->src\main\AndroidManifest.xml:6:22-71
17        android:maxSdkVersion="30" />
17-->src\main\AndroidManifest.xml:6:72-98
18    <uses-permission android:name="android.permission.BLUETOOTH_SCAN" />
18-->src\main\AndroidManifest.xml:7:5-73
18-->src\main\AndroidManifest.xml:7:22-70
19    <uses-permission android:name="android.permission.BLUETOOTH_ADVERTISE" />
19-->src\main\AndroidManifest.xml:8:5-78
19-->src\main\AndroidManifest.xml:8:22-75
20    <uses-permission android:name="android.permission.BLUETOOTH_CONNECT" />
20-->src\main\AndroidManifest.xml:9:5-76
20-->src\main\AndroidManifest.xml:9:22-73
21    <uses-permission android:name="android.permission.POST_NOTIFICATIONS" />
21-->src\main\AndroidManifest.xml:10:5-77
21-->src\main\AndroidManifest.xml:10:22-74
22    <uses-permission android:name="android.permission.ACCESS_WIFI_STATE" />
22-->src\main\AndroidManifest.xml:11:5-76
22-->src\main\AndroidManifest.xml:11:22-73
23    <uses-permission android:name="android.permission.CHANGE_WIFI_STATE" />
23-->src\main\AndroidManifest.xml:12:5-76
23-->src\main\AndroidManifest.xml:12:22-73
24    <uses-permission android:name="android.permission.NEARBY_WIFI_DEVICES" />
24-->src\main\AndroidManifest.xml:13:5-78
24-->src\main\AndroidManifest.xml:13:22-75
25
26    <!-- Required for Nearby Connections and Bluetooth LE scan -->
27    <uses-permission android:name="android.permission.ACCESS_COARSE_LOCATION" />
27-->src\main\AndroidManifest.xml:16:5-81
27-->src\main\AndroidManifest.xml:16:22-78
28    <uses-permission android:name="android.permission.ACCESS_FINE_LOCATION" />
28-->src\main\AndroidManifest.xml:17:5-79
28-->src\main\AndroidManifest.xml:17:22-76
29
30    <!-- Internet is required even for offline local socket routing by Google Play services -->
31    <uses-permission android:name="android.permission.INTERNET" />
31-->src\main\AndroidManifest.xml:20:5-67
31-->src\main\AndroidManifest.xml:20:22-64
32
33    <!-- Camera & Audio Features -->
34    <uses-permission android:name="android.permission.RECORD_AUDIO" />
34-->src\main\AndroidManifest.xml:23:5-71
34-->src\main\AndroidManifest.xml:23:22-68
35    <uses-permission android:name="android.permission.CAMERA" />
35-->src\main\AndroidManifest.xml:24:5-65
35-->src\main\AndroidManifest.xml:24:22-62
36
37    <!-- Foreground Service Permissions -->
38    <uses-permission android:name="android.permission.FOREGROUND_SERVICE" />
38-->src\main\AndroidManifest.xml:27:5-77
38-->src\main\AndroidManifest.xml:27:22-74
39    <uses-permission android:name="android.permission.FOREGROUND_SERVICE_CONNECTED_DEVICE" />
39-->src\main\AndroidManifest.xml:28:5-94
39-->src\main\AndroidManifest.xml:28:22-91
40
41    <!-- Feature Declarations (Optional to allow installation on devices without these) -->
42    <uses-feature
42-->src\main\AndroidManifest.xml:31:5-88
43        android:name="android.hardware.bluetooth"
43-->src\main\AndroidManifest.xml:31:19-60
44        android:required="false" />
44-->src\main\AndroidManifest.xml:31:61-85
45    <uses-feature
45-->src\main\AndroidManifest.xml:32:5-91
46        android:name="android.hardware.bluetooth_le"
46-->src\main\AndroidManifest.xml:32:19-63
47        android:required="false" />
47-->src\main\AndroidManifest.xml:32:64-88
48    <uses-feature
48-->src\main\AndroidManifest.xml:33:5-83
49        android:name="android.hardware.wifi"
49-->src\main\AndroidManifest.xml:33:19-55
50        android:required="false" />
50-->src\main\AndroidManifest.xml:33:56-80
51    <uses-feature
51-->src\main\AndroidManifest.xml:34:5-90
52        android:name="android.hardware.wifi.direct"
52-->src\main\AndroidManifest.xml:34:19-62
53        android:required="false" />
53-->src\main\AndroidManifest.xml:34:63-87
54    <uses-feature
54-->src\main\AndroidManifest.xml:35:5-85
55        android:name="android.hardware.camera"
55-->src\main\AndroidManifest.xml:35:19-57
56        android:required="false" />
56-->src\main\AndroidManifest.xml:35:58-82
57    <uses-feature
57-->src\main\AndroidManifest.xml:36:5-89
58        android:name="android.hardware.microphone"
58-->src\main\AndroidManifest.xml:36:19-61
59        android:required="false" />
59-->src\main\AndroidManifest.xml:36:62-86
60
61    <uses-permission android:name="android.permission.ACCESS_NETWORK_STATE" />
61-->[com.google.android.gms:play-services-nearby:18.7.0] AndroidManifest.xml:7:5-79
61-->[com.google.android.gms:play-services-nearby:18.7.0] AndroidManifest.xml:7:22-76
62
63    <permission
63-->[androidx.core:core:1.15.0] AndroidManifest.xml:22:5-24:47
64        android:name="com.voicebridge.DYNAMIC_RECEIVER_NOT_EXPORTED_PERMISSION"
64-->[androidx.core:core:1.15.0] AndroidManifest.xml:23:9-81
65        android:protectionLevel="signature" />
65-->[androidx.core:core:1.15.0] AndroidManifest.xml:24:9-44
66
67    <uses-permission android:name="com.voicebridge.DYNAMIC_RECEIVER_NOT_EXPORTED_PERMISSION" />
67-->[androidx.core:core:1.15.0] AndroidManifest.xml:26:5-97
67-->[androidx.core:core:1.15.0] AndroidManifest.xml:26:22-94
68
69    <application
69-->src\main\AndroidManifest.xml:38:5-73:19
70        android:name="com.voicebridge.VoiceBridgeApplication"
70-->src\main\AndroidManifest.xml:39:9-47
71        android:allowBackup="false"
71-->src\main\AndroidManifest.xml:40:9-36
72        android:appComponentFactory="androidx.core.app.CoreComponentFactory"
72-->[androidx.core:core:1.15.0] AndroidManifest.xml:28:18-86
73        android:debuggable="true"
74        android:extractNativeLibs="false"
75        android:icon="@android:drawable/sym_def_app_icon"
75-->src\main\AndroidManifest.xml:41:9-58
76        android:label="@string/app_name"
76-->src\main\AndroidManifest.xml:42:9-41
77        android:roundIcon="@android:drawable/sym_def_app_icon"
77-->src\main\AndroidManifest.xml:43:9-63
78        android:supportsRtl="true"
78-->src\main\AndroidManifest.xml:44:9-35
79        android:theme="@style/Theme.VoiceBridge" >
79-->src\main\AndroidManifest.xml:45:9-49
80        <activity
80-->src\main\AndroidManifest.xml:47:9-56:20
81            android:name="com.voicebridge.ui.MainActivity"
81-->src\main\AndroidManifest.xml:48:13-44
82            android:exported="true"
82-->src\main\AndroidManifest.xml:49:13-36
83            android:theme="@style/Theme.VoiceBridge"
83-->src\main\AndroidManifest.xml:50:13-53
84            android:windowSoftInputMode="adjustResize" >
84-->src\main\AndroidManifest.xml:51:13-55
85            <intent-filter>
85-->src\main\AndroidManifest.xml:52:13-55:29
86                <action android:name="android.intent.action.MAIN" />
86-->src\main\AndroidManifest.xml:53:17-69
86-->src\main\AndroidManifest.xml:53:25-66
87
88                <category android:name="android.intent.category.LAUNCHER" />
88-->src\main\AndroidManifest.xml:54:17-77
88-->src\main\AndroidManifest.xml:54:27-74
89            </intent-filter>
90        </activity>
91
92        <provider
92-->src\main\AndroidManifest.xml:58:9-66:20
93            android:name="androidx.core.content.FileProvider"
93-->src\main\AndroidManifest.xml:59:13-62
94            android:authorities="com.voicebridge.fileprovider"
94-->src\main\AndroidManifest.xml:60:13-63
95            android:exported="false"
95-->src\main\AndroidManifest.xml:61:13-37
96            android:grantUriPermissions="true" >
96-->src\main\AndroidManifest.xml:62:13-47
97            <meta-data
97-->src\main\AndroidManifest.xml:63:13-65:54
98                android:name="android.support.FILE_PROVIDER_PATHS"
98-->src\main\AndroidManifest.xml:64:17-67
99                android:resource="@xml/file_paths" />
99-->src\main\AndroidManifest.xml:65:17-51
100        </provider>
101
102        <service
102-->src\main\AndroidManifest.xml:68:9-71:40
103            android:name="com.voicebridge.data.network.MeshNetworkService"
103-->src\main\AndroidManifest.xml:69:13-60
104            android:exported="false"
104-->src\main\AndroidManifest.xml:71:13-37
105            android:foregroundServiceType="connectedDevice" />
105-->src\main\AndroidManifest.xml:70:13-60
106        <service
106-->[com.google.android.gms:play-services-nearby:18.7.0] AndroidManifest.xml:10:9-13:105
107            android:name="com.google.android.gms.nearby.exposurenotification.WakeUpService"
107-->[com.google.android.gms:play-services-nearby:18.7.0] AndroidManifest.xml:11:13-92
108            android:exported="true"
108-->[com.google.android.gms:play-services-nearby:18.7.0] AndroidManifest.xml:12:13-36
109            android:permission="com.google.android.gms.nearby.exposurenotification.EXPOSURE_CALLBACK" />
109-->[com.google.android.gms:play-services-nearby:18.7.0] AndroidManifest.xml:13:13-102
110
111        <activity
111-->[com.google.android.gms:play-services-base:18.0.1] AndroidManifest.xml:20:9-22:45
112            android:name="com.google.android.gms.common.api.GoogleApiActivity"
112-->[com.google.android.gms:play-services-base:18.0.1] AndroidManifest.xml:20:19-85
113            android:exported="false"
113-->[com.google.android.gms:play-services-base:18.0.1] AndroidManifest.xml:22:19-43
114            android:theme="@android:style/Theme.Translucent.NoTitleBar" />
114-->[com.google.android.gms:play-services-base:18.0.1] AndroidManifest.xml:21:19-78
115
116        <meta-data
116-->[com.google.android.gms:play-services-basement:18.0.0] AndroidManifest.xml:21:9-23:69
117            android:name="com.google.android.gms.version"
117-->[com.google.android.gms:play-services-basement:18.0.0] AndroidManifest.xml:22:13-58
118            android:value="@integer/google_play_services_version" />
118-->[com.google.android.gms:play-services-basement:18.0.0] AndroidManifest.xml:23:13-66
119
120        <provider
120-->[androidx.emoji2:emoji2:1.3.0] AndroidManifest.xml:24:9-32:20
121            android:name="androidx.startup.InitializationProvider"
121-->[androidx.emoji2:emoji2:1.3.0] AndroidManifest.xml:25:13-67
122            android:authorities="com.voicebridge.androidx-startup"
122-->[androidx.emoji2:emoji2:1.3.0] AndroidManifest.xml:26:13-68
123            android:exported="false" >
123-->[androidx.emoji2:emoji2:1.3.0] AndroidManifest.xml:27:13-37
124            <meta-data
124-->[androidx.emoji2:emoji2:1.3.0] AndroidManifest.xml:29:13-31:52
125                android:name="androidx.emoji2.text.EmojiCompatInitializer"
125-->[androidx.emoji2:emoji2:1.3.0] AndroidManifest.xml:30:17-75
126                android:value="androidx.startup" />
126-->[androidx.emoji2:emoji2:1.3.0] AndroidManifest.xml:31:17-49
127            <meta-data
127-->[androidx.lifecycle:lifecycle-process:2.8.7] AndroidManifest.xml:29:13-31:52
128                android:name="androidx.lifecycle.ProcessLifecycleInitializer"
128-->[androidx.lifecycle:lifecycle-process:2.8.7] AndroidManifest.xml:30:17-78
129                android:value="androidx.startup" />
129-->[androidx.lifecycle:lifecycle-process:2.8.7] AndroidManifest.xml:31:17-49
130            <meta-data
130-->[androidx.profileinstaller:profileinstaller:1.3.1] AndroidManifest.xml:29:13-31:52
131                android:name="androidx.profileinstaller.ProfileInstallerInitializer"
131-->[androidx.profileinstaller:profileinstaller:1.3.1] AndroidManifest.xml:30:17-85
132                android:value="androidx.startup" />
132-->[androidx.profileinstaller:profileinstaller:1.3.1] AndroidManifest.xml:31:17-49
133        </provider>
134
135        <service
135-->[androidx.room:room-runtime:2.6.1] AndroidManifest.xml:24:9-28:63
136            android:name="androidx.room.MultiInstanceInvalidationService"
136-->[androidx.room:room-runtime:2.6.1] AndroidManifest.xml:25:13-74
137            android:directBootAware="true"
137-->[androidx.room:room-runtime:2.6.1] AndroidManifest.xml:26:13-43
138            android:exported="false" />
138-->[androidx.room:room-runtime:2.6.1] AndroidManifest.xml:27:13-37
139
140        <receiver
140-->[androidx.profileinstaller:profileinstaller:1.3.1] AndroidManifest.xml:34:9-52:20
141            android:name="androidx.profileinstaller.ProfileInstallReceiver"
141-->[androidx.profileinstaller:profileinstaller:1.3.1] AndroidManifest.xml:35:13-76
142            android:directBootAware="false"
142-->[androidx.profileinstaller:profileinstaller:1.3.1] AndroidManifest.xml:36:13-44
143            android:enabled="true"
143-->[androidx.profileinstaller:profileinstaller:1.3.1] AndroidManifest.xml:37:13-35
144            android:exported="true"
144-->[androidx.profileinstaller:profileinstaller:1.3.1] AndroidManifest.xml:38:13-36
145            android:permission="android.permission.DUMP" >
145-->[androidx.profileinstaller:profileinstaller:1.3.1] AndroidManifest.xml:39:13-57
146            <intent-filter>
146-->[androidx.profileinstaller:profileinstaller:1.3.1] AndroidManifest.xml:40:13-42:29
147                <action android:name="androidx.profileinstaller.action.INSTALL_PROFILE" />
147-->[androidx.profileinstaller:profileinstaller:1.3.1] AndroidManifest.xml:41:17-91
147-->[androidx.profileinstaller:profileinstaller:1.3.1] AndroidManifest.xml:41:25-88
148            </intent-filter>
149            <intent-filter>
149-->[androidx.profileinstaller:profileinstaller:1.3.1] AndroidManifest.xml:43:13-45:29
150                <action android:name="androidx.profileinstaller.action.SKIP_FILE" />
150-->[androidx.profileinstaller:profileinstaller:1.3.1] AndroidManifest.xml:44:17-85
150-->[androidx.profileinstaller:profileinstaller:1.3.1] AndroidManifest.xml:44:25-82
151            </intent-filter>
152            <intent-filter>
152-->[androidx.profileinstaller:profileinstaller:1.3.1] AndroidManifest.xml:46:13-48:29
153                <action android:name="androidx.profileinstaller.action.SAVE_PROFILE" />
153-->[androidx.profileinstaller:profileinstaller:1.3.1] AndroidManifest.xml:47:17-88
153-->[androidx.profileinstaller:profileinstaller:1.3.1] AndroidManifest.xml:47:25-85
154            </intent-filter>
155            <intent-filter>
155-->[androidx.profileinstaller:profileinstaller:1.3.1] AndroidManifest.xml:49:13-51:29
156                <action android:name="androidx.profileinstaller.action.BENCHMARK_OPERATION" />
156-->[androidx.profileinstaller:profileinstaller:1.3.1] AndroidManifest.xml:50:17-95
156-->[androidx.profileinstaller:profileinstaller:1.3.1] AndroidManifest.xml:50:25-92
157            </intent-filter>
158        </receiver>
159    </application>
160
161</manifest>